Arguments: 
  /usr/bin/node /usr/bin/yarn publish

PATH: 
  /usr/lib64/qt-3.3/bin:/usr/lib64/ccache:/usr/local/bin:/usr/local/sbin:/usr/bin:/usr/sbin:/home/dpolanco/.local/bin:/home/dpolanco/bin:/home/dpolanco/.local/bin:/home/dpolanco/bin

Yarn version: 
  0.21.3

Node version: 
  6.10.0

Platform: 
  linux x64

npm manifest: 
  {
    "name": "rdjs",
    "version": "0.0.2",
    "authors": [
      "danywalls",
      "diogenespolanco"
    ],
    "main": "app/build/RDJs.js",
    "dependencies": {
      "rdjs": "git://github.com/DiogenesPolanco/RD.js.git"
    },
    "devDependencies": {
      "@types/es6-promise": "0.0.32",
      "gulp": "^3.6.2",
      "gulp-shell": "^0.4.2",
      "gulp-tsc": "^0.10.1",
      "gulp-tslint": "^2.0.0",
      "http-server": "^0.9.0",
      "mocha": "*",
      "run-sequence": "^1.1.1"
    },
    "scripts": {
      "start": "http-server",
      "main": "gulp buildrun",
      "test": "gulp build && mocha"
    }
  }

yarn manifest: 
  No manifest

Lockfile: 
  # THIS IS AN AUTOGENERATED FILE. DO NOT EDIT THIS FILE DIRECTLY.
  # yarn lockfile v1
  
  
  "@types/es6-promise@0.0.32":
    version "0.0.32"
    resolved "https://registry.yarnpkg.com/@types/es6-promise/-/es6-promise-0.0.32.tgz#3bcf44fb1e429f3df76188c8c6d874463ba371fd"
  
  ansi-regex@^2.0.0:
    version "2.1.1"
    resolved "https://registry.yarnpkg.com/ansi-regex/-/ansi-regex-2.1.1.tgz#c3b33ab5ee360d86e0e628f0468ae7ef27d654df"
  
  ansi-styles@^2.2.1:
    version "2.2.1"
    resolved "https://registry.yarnpkg.com/ansi-styles/-/ansi-styles-2.2.1.tgz#b432dd3358b634cf75e1e4664368240533c1ddbe"
  
  archy@^1.0.0:
    version "1.0.0"
    resolved "https://registry.yarnpkg.com/archy/-/archy-1.0.0.tgz#f9c8c13757cc1dd7bc379ac77b2c62a5c2868c40"
  
  arr-diff@^2.0.0:
    version "2.0.0"
    resolved "https://registry.yarnpkg.com/arr-diff/-/arr-diff-2.0.0.tgz#8f3b827f955a8bd669697e4a4256ac3ceae356cf"
    dependencies:
      arr-flatten "^1.0.1"
  
  arr-flatten@^1.0.1:
    version "1.0.1"
    resolved "https://registry.yarnpkg.com/arr-flatten/-/arr-flatten-1.0.1.tgz#e5ffe54d45e19f32f216e91eb99c8ce892bb604b"
  
  array-differ@^1.0.0:
    version "1.0.0"
    resolved "https://registry.yarnpkg.com/array-differ/-/array-differ-1.0.0.tgz#eff52e3758249d33be402b8bb8e564bb2b5d4031"
  
  array-uniq@^1.0.2:
    version "1.0.3"
    resolved "https://registry.yarnpkg.com/array-uniq/-/array-uniq-1.0.3.tgz#af6ac877a25cc7f74e058894753858dfdb24fdb6"
  
  array-unique@^0.2.1:
    version "0.2.1"
    resolved "https://registry.yarnpkg.com/array-unique/-/array-unique-0.2.1.tgz#a1d97ccafcbc2625cc70fadceb36a50c58b01a53"
  
  async@0.9.0:
    version "0.9.0"
    resolved "https://registry.yarnpkg.com/async/-/async-0.9.0.tgz#ac3613b1da9bed1b47510bb4651b8931e47146c7"
  
  async@^0.9.0:
    version "0.9.2"
    resolved "https://registry.yarnpkg.com/async/-/async-0.9.2.tgz#aea74d5e61c1f899613bf64bda66d4c78f2fd17d"
  
  async@~1.4.2:
    version "1.4.2"
    resolved "https://registry.yarnpkg.com/async/-/async-1.4.2.tgz#6c9edcb11ced4f0dd2f2d40db0d49a109c088aab"
  
  balanced-match@^0.4.1:
    version "0.4.2"
    resolved "https://registry.yarnpkg.com/balanced-match/-/balanced-match-0.4.2.tgz#cb3f3e3c732dc0f01ee70b403f302e61d7709838"
  
  beeper@^1.0.0:
    version "1.1.1"
    resolved "https://registry.yarnpkg.com/beeper/-/beeper-1.1.1.tgz#e6d5ea8c5dad001304a70b22638447f69cb2f809"
  
  brace-expansion@^1.0.0:
    version "1.1.6"
    resolved "https://registry.yarnpkg.com/brace-expansion/-/brace-expansion-1.1.6.tgz#7197d7eaa9b87e648390ea61fc66c84427420df9"
    dependencies:
      balanced-match "^0.4.1"
      concat-map "0.0.1"
  
  braces@^1.8.2:
    version "1.8.5"
    resolved "https://registry.yarnpkg.com/braces/-/braces-1.8.5.tgz#ba77962e12dff969d6b76711e914b737857bf6a7"
    dependencies:
      expand-range "^1.8.1"
      preserve "^0.2.0"
      repeat-element "^1.1.2"
  
  browser-stdout@1.3.0:
    version "1.3.0"
    resolved "https://registry.yarnpkg.com/browser-stdout/-/browser-stdout-1.3.0.tgz#f351d32969d32fa5d7a5567154263d928ae3bd1f"
  
  buffer-shims@^1.0.0:
    version "1.0.0"
    resolved "https://registry.yarnpkg.com/buffer-shims/-/buffer-shims-1.0.0.tgz#9978ce317388c649ad8793028c3477ef044a8b51"
  
  byline@^4.1.1:
    version "4.2.2"
    resolved "https://registry.yarnpkg.com/byline/-/byline-4.2.2.tgz#c203a98a5b0290822a9386a78eda2cbd5bcdb32f"
  
  chalk@*, chalk@^1.0.0, chalk@^1.1.1:
    version "1.1.3"
    resolved "https://registry.yarnpkg.com/chalk/-/chalk-1.1.3.tgz#a8115c55e4a702fe4d150abd3872822a7e09fc98"
    dependencies:
      ansi-styles "^2.2.1"
      escape-string-regexp "^1.0.2"
      has-ansi "^2.0.0"
      strip-ansi "^3.0.0"
      supports-color "^2.0.0"
  
  clone-stats@^0.0.1:
    version "0.0.1"
    resolved "https://registry.yarnpkg.com/clone-stats/-/clone-stats-0.0.1.tgz#b88f94a82cf38b8791d58046ea4029ad88ca99d1"
  
  clone@^0.2.0:
    version "0.2.0"
    resolved "https://registry.yarnpkg.com/clone/-/clone-0.2.0.tgz#c6126a90ad4f72dbf5acdb243cc37724fe93fc1f"
  
  clone@^1.0.0, clone@^1.0.2:
    version "1.0.2"
    resolved "https://registry.yarnpkg.com/clone/-/clone-1.0.2.tgz#260b7a99ebb1edfe247538175f783243cb19d149"
  
  colors@1.0.3:
    version "1.0.3"
    resolved "https://registry.yarnpkg.com/colors/-/colors-1.0.3.tgz#0433f44d809680fdeb60ed260f1b0c262e82a40b"
  
  commander@2.9.0:
    version "2.9.0"
    resolved "https://registry.yarnpkg.com/commander/-/commander-2.9.0.tgz#9c99094176e12240cb22d6c5146098400fe0f7d4"
    dependencies:
      graceful-readlink ">= 1.0.0"
  
  concat-map@0.0.1:
    version "0.0.1"
    resolved "https://registry.yarnpkg.com/concat-map/-/concat-map-0.0.1.tgz#d8a96bd77fd68df7793a73036a3ba0d5405d477b"
  
  core-util-is@~1.0.0:
    version "1.0.2"
    resolved "https://registry.yarnpkg.com/core-util-is/-/core-util-is-1.0.2.tgz#b5fd54220aa2bc5ab57aab7140c940754503c1a7"
  
  corser@~2.0.0:
    version "2.0.1"
    resolved "https://registry.yarnpkg.com/corser/-/corser-2.0.1.tgz#8eda252ecaab5840dcd975ceb90d9370c819ff87"
  
  dateformat@^2.0.0:
    version "2.0.0"
    resolved "https://registry.yarnpkg.com/dateformat/-/dateformat-2.0.0.tgz#2743e3abb5c3fc2462e527dca445e04e9f4dee17"
  
  debug@2.2.0:
    version "2.2.0"
    resolved "https://registry.yarnpkg.com/debug/-/debug-2.2.0.tgz#f87057e995b1a1f6ae6a4960664137bc56f039da"
    dependencies:
      ms "0.7.1"
  
  defaults@^1.0.0:
    version "1.0.3"
    resolved "https://registry.yarnpkg.com/defaults/-/defaults-1.0.3.tgz#c656051e9817d9ff08ed881477f3fe4019f3ef7d"
    dependencies:
      clone "^1.0.2"
  
  deprecated@^0.0.1:
    version "0.0.1"
    resolved "https://registry.yarnpkg.com/deprecated/-/deprecated-0.0.1.tgz#f9c9af5464afa1e7a971458a8bdef2aa94d5bb19"
  
  detect-file@^0.1.0:
    version "0.1.0"
    resolved "https://registry.yarnpkg.com/detect-file/-/detect-file-0.1.0.tgz#4935dedfd9488648e006b0129566e9386711ea63"
    dependencies:
      fs-exists-sync "^0.1.0"
  
  diff@1.4.0:
    version "1.4.0"
    resolved "https://registry.yarnpkg.com/diff/-/diff-1.4.0.tgz#7f28d2eb9ee7b15a97efd89ce63dcfdaa3ccbabf"
  
  duplexer2@0.0.2:
    version "0.0.2"
    resolved "https://registry.yarnpkg.com/duplexer2/-/duplexer2-0.0.2.tgz#c614dcf67e2fb14995a91711e5a617e8a60a31db"
    dependencies:
      readable-stream "~1.1.9"
  
  duplexify@^3.2.0:
    version "3.5.0"
    resolved "https://registry.yarnpkg.com/duplexify/-/duplexify-3.5.0.tgz#1aa773002e1578457e9d9d4a50b0ccaaebcbd604"
    dependencies:
      end-of-stream "1.0.0"
      inherits "^2.0.1"
      readable-stream "^2.0.0"
      stream-shift "^1.0.0"
  
  ecstatic@^1.4.0:
    version "1.4.1"
    resolved "https://registry.yarnpkg.com/ecstatic/-/ecstatic-1.4.1.tgz#32cb7b6fa2e290d58668674d115e8f0c3d567d6a"
    dependencies:
      he "^0.5.0"
      mime "^1.2.11"
      minimist "^1.1.0"
      url-join "^1.0.0"
  
  end-of-stream@1.0.0:
    version "1.0.0"
    resolved "https://registry.yarnpkg.com/end-of-stream/-/end-of-stream-1.0.0.tgz#d4596e702734a93e40e9af864319eabd99ff2f0e"
    dependencies:
      once "~1.3.0"
  
  end-of-stream@~0.1.5:
    version "0.1.5"
    resolved "https://registry.yarnpkg.com/end-of-stream/-/end-of-stream-0.1.5.tgz#8e177206c3c80837d85632e8b9359dfe8b2f6eaf"
    dependencies:
      once "~1.3.0"
  
  escape-string-regexp@1.0.5, escape-string-regexp@^1.0.2:
    version "1.0.5"
    resolved "https://registry.yarnpkg.com/escape-string-regexp/-/escape-string-regexp-1.0.5.tgz#1b61c0562190a8dff6ae3bb2cf0200ca130b86d4"
  
  eventemitter3@1.x.x:
    version "1.2.0"
    resolved "https://registry.yarnpkg.com/eventemitter3/-/eventemitter3-1.2.0.tgz#1c86991d816ad1e504750e73874224ecf3bec508"
  
  expand-brackets@^0.1.4:
    version "0.1.5"
    resolved "https://registry.yarnpkg.com/expand-brackets/-/expand-brackets-0.1.5.tgz#df07284e342a807cd733ac5af72411e581d1177b"
    dependencies:
      is-posix-bracket "^0.1.0"
  
  expand-range@^1.8.1:
    version "1.8.2"
    resolved "https://registry.yarnpkg.com/expand-range/-/expand-range-1.8.2.tgz#a299effd335fe2721ebae8e257ec79644fc85337"
    dependencies:
      fill-range "^2.1.0"
  
  expand-tilde@^1.2.1, expand-tilde@^1.2.2:
    version "1.2.2"
    resolved "https://registry.yarnpkg.com/expand-tilde/-/expand-tilde-1.2.2.tgz#0b81eba897e5a3d31d1c3d102f8f01441e559449"
    dependencies:
      os-homedir "^1.0.1"
  
  extend@^3.0.0:
    version "3.0.0"
    resolved "https://registry.yarnpkg.com/extend/-/extend-3.0.0.tgz#5a474353b9f3353ddd8176dfd37b91c83a46f1d4"
  
  extglob@^0.3.1:
    version "0.3.2"
    resolved "https://registry.yarnpkg.com/extglob/-/extglob-0.3.2.tgz#2e18ff3d2f49ab2765cec9023f011daa8d8349a1"
    dependencies:
      is-extglob "^1.0.0"
  
  fancy-log@^1.1.0:
    version "1.3.0"
    resolved "https://registry.yarnpkg.com/fancy-log/-/fancy-log-1.3.0.tgz#45be17d02bb9917d60ccffd4995c999e6c8c9948"
    dependencies:
      chalk "^1.1.1"
      time-stamp "^1.0.0"
  
  filename-regex@^2.0.0:
    version "2.0.0"
    resolved "https://registry.yarnpkg.com/filename-regex/-/filename-regex-2.0.0.tgz#996e3e80479b98b9897f15a8a58b3d084e926775"
  
  fill-range@^2.1.0:
    version "2.2.3"
    resolved "https://registry.yarnpkg.com/fill-range/-/fill-range-2.2.3.tgz#50b77dfd7e469bc7492470963699fe7a8485a723"
    dependencies:
      is-number "^2.1.0"
      isobject "^2.0.0"
      randomatic "^1.1.3"
      repeat-element "^1.1.2"
      repeat-string "^1.5.2"
  
  find-index@^0.1.1:
    version "0.1.1"
    resolved "https://registry.yarnpkg.com/find-index/-/find-index-0.1.1.tgz#675d358b2ca3892d795a1ab47232f8b6e2e0dde4"
  
  findup-sync@^0.4.2:
    version "0.4.3"
    resolved "https://registry.yarnpkg.com/findup-sync/-/findup-sync-0.4.3.tgz#40043929e7bc60adf0b7f4827c4c6e75a0deca12"
    dependencies:
      detect-file "^0.1.0"
      is-glob "^2.0.1"
      micromatch "^2.3.7"
      resolve-dir "^0.1.0"
  
  findup-sync@~0.1.2:
    version "0.1.3"
    resolved "https://registry.yarnpkg.com/findup-sync/-/findup-sync-0.1.3.tgz#7f3e7a97b82392c653bf06589bd85190e93c3683"
    dependencies:
      glob "~3.2.9"
      lodash "~2.4.1"
  
  fined@^1.0.1:
    version "1.0.2"
    resolved "https://registry.yarnpkg.com/fined/-/fined-1.0.2.tgz#5b28424b760d7598960b7ef8480dff8ad3660e97"
    dependencies:
      expand-tilde "^1.2.1"
      lodash.assignwith "^4.0.7"
      lodash.isempty "^4.2.1"
      lodash.isplainobject "^4.0.4"
      lodash.isstring "^4.0.1"
      lodash.pick "^4.2.1"
      parse-filepath "^1.0.1"
  
  first-chunk-stream@^1.0.0:
    version "1.0.0"
    resolved "https://registry.yarnpkg.com/first-chunk-stream/-/first-chunk-stream-1.0.0.tgz#59bfb50cd905f60d7c394cd3d9acaab4e6ad934e"
  
  flagged-respawn@^0.3.2:
    version "0.3.2"
    resolved "https://registry.yarnpkg.com/flagged-respawn/-/flagged-respawn-0.3.2.tgz#ff191eddcd7088a675b2610fffc976be9b8074b5"
  
  for-in@^1.0.1:
    version "1.0.2"
    resolved "https://registry.yarnpkg.com/for-in/-/for-in-1.0.2.tgz#81068d295a8142ec0ac726c6e2200c30fb6d5e80"
  
  for-own@^0.1.4:
    version "0.1.5"
    resolved "https://registry.yarnpkg.com/for-own/-/for-own-0.1.5.tgz#5265c681a4f294dabbf17c9509b6763aa84510ce"
    dependencies:
      for-in "^1.0.1"
  
  fs-exists-sync@^0.1.0:
    version "0.1.0"
    resolved "https://registry.yarnpkg.com/fs-exists-sync/-/fs-exists-sync-0.1.0.tgz#982d6893af918e72d08dec9e8673ff2b5a8d6add"
  
  fs.realpath@^1.0.0:
    version "1.0.0"
    resolved "https://registry.yarnpkg.com/fs.realpath/-/fs.realpath-1.0.0.tgz#1504ad2523158caa40db4a2787cb01411994ea4f"
  
  gaze@^0.5.1:
    version "0.5.2"
    resolved "https://registry.yarnpkg.com/gaze/-/gaze-0.5.2.tgz#40b709537d24d1d45767db5a908689dfe69ac44f"
    dependencies:
      globule "~0.1.0"
  
  glob-base@^0.3.0:
    version "0.3.0"
    resolved "https://registry.yarnpkg.com/glob-base/-/glob-base-0.3.0.tgz#dbb164f6221b1c0b1ccf82aea328b497df0ea3c4"
    dependencies:
      glob-parent "^2.0.0"
      is-glob "^2.0.0"
  
  glob-parent@^2.0.0:
    version "2.0.0"
    resolved "https://registry.yarnpkg.com/glob-parent/-/glob-parent-2.0.0.tgz#81383d72db054fcccf5336daa902f182f6edbb28"
    dependencies:
      is-glob "^2.0.0"
  
  glob-stream@^3.1.5:
    version "3.1.18"
    resolved "https://registry.yarnpkg.com/glob-stream/-/glob-stream-3.1.18.tgz#9170a5f12b790306fdfe598f313f8f7954fd143b"
    dependencies:
      glob "^4.3.1"
      glob2base "^0.0.12"
      minimatch "^2.0.1"
      ordered-read-streams "^0.1.0"
      through2 "^0.6.1"
      unique-stream "^1.0.0"
  
  glob-stream@^4.0.1:
    version "4.1.1"
    resolved "https://registry.yarnpkg.com/glob-stream/-/glob-stream-4.1.1.tgz#b842df10d688c7eb6bcfcebd846f3852296b3200"
    dependencies:
      glob "^4.3.1"
      glob2base "^0.0.12"
      minimatch "^2.0.1"
      ordered-read-streams "^0.1.0"
      through2 "^0.6.1"
      unique-stream "^2.0.2"
  
  glob-watcher@^0.0.6:
    version "0.0.6"
    resolved "https://registry.yarnpkg.com/glob-watcher/-/glob-watcher-0.0.6.tgz#b95b4a8df74b39c83298b0c05c978b4d9a3b710b"
    dependencies:
      gaze "^0.5.1"
  
  glob-watcher@^0.0.8:
    version "0.0.8"
    resolved "https://registry.yarnpkg.com/glob-watcher/-/glob-watcher-0.0.8.tgz#68aeb661e7e2ce8d3634381b2ec415f00c6bc2a4"
    dependencies:
      gaze "^0.5.1"
  
  glob2base@^0.0.12:
    version "0.0.12"
    resolved "https://registry.yarnpkg.com/glob2base/-/glob2base-0.0.12.tgz#9d419b3e28f12e83a362164a277055922c9c0d56"
    dependencies:
      find-index "^0.1.1"
  
  glob@7.0.5, glob@^7.0.5:
    version "7.0.5"
    resolved "https://registry.yarnpkg.com/glob/-/glob-7.0.5.tgz#b4202a69099bbb4d292a7c1b95b6682b67ebdc95"
    dependencies:
      fs.realpath "^1.0.0"
      inflight "^1.0.4"
      inherits "2"
      minimatch "^3.0.2"
      once "^1.3.0"
      path-is-absolute "^1.0.0"
  
  glob@^4.3.1:
    version "4.5.3"
    resolved "https://registry.yarnpkg.com/glob/-/glob-4.5.3.tgz#c6cb73d3226c1efef04de3c56d012f03377ee15f"
    dependencies:
      inflight "^1.0.4"
      inherits "2"
      minimatch "^2.0.1"
      once "^1.3.0"
  
  glob@~3.1.21:
    version "3.1.21"
    resolved "https://registry.yarnpkg.com/glob/-/glob-3.1.21.tgz#d29e0a055dea5138f4d07ed40e8982e83c2066cd"
    dependencies:
      graceful-fs "~1.2.0"
      inherits "1"
      minimatch "~0.2.11"
  
  glob@~3.2.9:
    version "3.2.11"
    resolved "https://registry.yarnpkg.com/glob/-/glob-3.2.11.tgz#4a973f635b9190f715d10987d5c00fd2815ebe3d"
    dependencies:
      inherits "2"
      minimatch "0.3"
  
  global-modules@^0.2.3:
    version "0.2.3"
    resolved "https://registry.yarnpkg.com/global-modules/-/global-modules-0.2.3.tgz#ea5a3bed42c6d6ce995a4f8a1269b5dae223828d"
    dependencies:
      global-prefix "^0.1.4"
      is-windows "^0.2.0"
  
  global-prefix@^0.1.4:
    version "0.1.5"
    resolved "https://registry.yarnpkg.com/global-prefix/-/global-prefix-0.1.5.tgz#8d3bc6b8da3ca8112a160d8d496ff0462bfef78f"
    dependencies:
      homedir-polyfill "^1.0.0"
      ini "^1.3.4"
      is-windows "^0.2.0"
      which "^1.2.12"
  
  globule@~0.1.0:
    version "0.1.0"
    resolved "https://registry.yarnpkg.com/globule/-/globule-0.1.0.tgz#d9c8edde1da79d125a151b79533b978676346ae5"
    dependencies:
      glob "~3.1.21"
      lodash "~1.0.1"
      minimatch "~0.2.11"
  
  glogg@^1.0.0:
    version "1.0.0"
    resolved "https://registry.yarnpkg.com/glogg/-/glogg-1.0.0.tgz#7fe0f199f57ac906cf512feead8f90ee4a284fc5"
    dependencies:
      sparkles "^1.0.0"
  
  graceful-fs@^3.0.0:
    version "3.0.11"
    resolved "https://registry.yarnpkg.com/graceful-fs/-/graceful-fs-3.0.11.tgz#7613c778a1afea62f25c630a086d7f3acbbdd818"
    dependencies:
      natives "^1.1.0"
  
  graceful-fs@~1.2.0:
    version "1.2.3"
    resolved "https://registry.yarnpkg.com/graceful-fs/-/graceful-fs-1.2.3.tgz#15a4806a57547cb2d2dbf27f42e89a8c3451b364"
  
  "graceful-readlink@>= 1.0.0":
    version "1.0.1"
    resolved "https://registry.yarnpkg.com/graceful-readlink/-/graceful-readlink-1.0.1.tgz#4cafad76bc62f02fa039b2f94e9a3dd3a391a725"
  
  growl@1.9.2:
    version "1.9.2"
    resolved "https://registry.yarnpkg.com/growl/-/growl-1.9.2.tgz#0ea7743715db8d8de2c5ede1775e1b45ac85c02f"
  
  gulp-shell@^0.4.2:
    version "0.4.3"
    resolved "https://registry.yarnpkg.com/gulp-shell/-/gulp-shell-0.4.3.tgz#d90f18ecab294c3ca9a6fae1f776e8ada90ac9d8"
    dependencies:
      async "~1.4.2"
      gulp-util "~3.0.5"
      lodash "~3.10.1"
      through2 "~2.0.0"
  
  gulp-tsc@^0.10.1:
    version "0.10.1"
    resolved "https://registry.yarnpkg.com/gulp-tsc/-/gulp-tsc-0.10.1.tgz#1f522eb7168bb1fbc113d9777cbbf5148413a83f"
    dependencies:
      async "^0.9.0"
      byline "^4.1.1"
      gulp-util "^3.0.1"
      lodash "^3.2.0"
      resolve "^1.0.0"
      rimraf "^2.2.6"
      temp "^0.8.1"
      through2 "^0.6.3"
      vinyl-fs "^1.0.0"
      which "^1.0.5"
    optionalDependencies:
      typescript "^1.0.1"
  
  gulp-tslint@^2.0.0:
    version "2.0.0"
    resolved "https://registry.yarnpkg.com/gulp-tslint/-/gulp-tslint-2.0.0.tgz#707357278f258b7df34397559b4a7673a64fe162"
    dependencies:
      gulp-util "~3.0.4"
      map-stream "~0.1.0"
      rcloader "~0.1.4"
      through "~2.3.7"
      tslint "~2.1.1"
  
  gulp-util@*, gulp-util@^3.0.0, gulp-util@^3.0.1, gulp-util@~3.0.4, gulp-util@~3.0.5:
    version "3.0.8"
    resolved "https://registry.yarnpkg.com/gulp-util/-/gulp-util-3.0.8.tgz#0054e1e744502e27c04c187c3ecc505dd54bbb4f"
    dependencies:
      array-differ "^1.0.0"
      array-uniq "^1.0.2"
      beeper "^1.0.0"
      chalk "^1.0.0"
      dateformat "^2.0.0"
      fancy-log "^1.1.0"
      gulplog "^1.0.0"
      has-gulplog "^0.1.0"
      lodash._reescape "^3.0.0"
      lodash._reevaluate "^3.0.0"
      lodash._reinterpolate "^3.0.0"
      lodash.template "^3.0.0"
      minimist "^1.1.0"
      multipipe "^0.1.2"
      object-assign "^3.0.0"
      replace-ext "0.0.1"
      through2 "^2.0.0"
      vinyl "^0.5.0"
  
  gulp@^3.6.2:
    version "3.9.1"
    resolved "https://registry.yarnpkg.com/gulp/-/gulp-3.9.1.tgz#571ce45928dd40af6514fc4011866016c13845b4"
    dependencies:
      archy "^1.0.0"
      chalk "^1.0.0"
      deprecated "^0.0.1"
      gulp-util "^3.0.0"
      interpret "^1.0.0"
      liftoff "^2.1.0"
      minimist "^1.1.0"
      orchestrator "^0.3.0"
      pretty-hrtime "^1.0.0"
      semver "^4.1.0"
      tildify "^1.0.0"
      v8flags "^2.0.2"
      vinyl-fs "^0.3.0"
  
  gulplog@^1.0.0:
    version "1.0.0"
    resolved "https://registry.yarnpkg.com/gulplog/-/gulplog-1.0.0.tgz#e28c4d45d05ecbbed818363ce8f9c5926229ffe5"
    dependencies:
      glogg "^1.0.0"
  
  has-ansi@^2.0.0:
    version "2.0.0"
    resolved "https://registry.yarnpkg.com/has-ansi/-/has-ansi-2.0.0.tgz#34f5049ce1ecdf2b0649af3ef24e45ed35416d91"
    dependencies:
      ansi-regex "^2.0.0"
  
  has-flag@^1.0.0:
    version "1.0.0"
    resolved "https://registry.yarnpkg.com/has-flag/-/has-flag-1.0.0.tgz#9d9e793165ce017a00f00418c43f942a7b1d11fa"
  
  has-gulplog@^0.1.0:
    version "0.1.0"
    resolved "https://registry.yarnpkg.com/has-gulplog/-/has-gulplog-0.1.0.tgz#6414c82913697da51590397dafb12f22967811ce"
    dependencies:
      sparkles "^1.0.0"
  
  he@^0.5.0:
    version "0.5.0"
    resolved "https://registry.yarnpkg.com/he/-/he-0.5.0.tgz#2c05ffaef90b68e860f3fd2b54ef580989277ee2"
  
  homedir-polyfill@^1.0.0:
    version "1.0.1"
    resolved "https://registry.yarnpkg.com/homedir-polyfill/-/homedir-polyfill-1.0.1.tgz#4c2bbc8a758998feebf5ed68580f76d46768b4bc"
    dependencies:
      parse-passwd "^1.0.0"
  
  http-proxy@^1.8.1:
    version "1.16.2"
    resolved "https://registry.yarnpkg.com/http-proxy/-/http-proxy-1.16.2.tgz#06dff292952bf64dbe8471fa9df73066d4f37742"
    dependencies:
      eventemitter3 "1.x.x"
      requires-port "1.x.x"
  
  http-server@^0.9.0:
    version "0.9.0"
    resolved "https://registry.yarnpkg.com/http-server/-/http-server-0.9.0.tgz#8f1b06bdc733618d4dc42831c7ba1aff4e06001a"
    dependencies:
      colors "1.0.3"
      corser "~2.0.0"
      ecstatic "^1.4.0"
      http-proxy "^1.8.1"
      opener "~1.4.0"
      optimist "0.6.x"
      portfinder "0.4.x"
      union "~0.4.3"
  
  inflight@^1.0.4:
    version "1.0.6"
    resolved "https://registry.yarnpkg.com/inflight/-/inflight-1.0.6.tgz#49bd6331d7d02d0c09bc910a1075ba8165b56df9"
    dependencies:
      once "^1.3.0"
      wrappy "1"
  
  inherits@1:
    version "1.0.2"
    resolved "https://registry.yarnpkg.com/inherits/-/inherits-1.0.2.tgz#ca4309dadee6b54cc0b8d247e8d7c7a0975bdc9b"
  
  inherits@2, inherits@^2.0.1, inherits@~2.0.1:
    version "2.0.3"
    resolved "https://registry.yarnpkg.com/inherits/-/inherits-2.0.3.tgz#633c2c83e3da42a502f52466022480f4208261de"
  
  ini@^1.3.4:
    version "1.3.4"
    resolved "https://registry.yarnpkg.com/ini/-/ini-1.3.4.tgz#0537cb79daf59b59a1a517dff706c86ec039162e"
  
  interpret@^1.0.0:
    version "1.0.2"
    resolved "https://registry.yarnpkg.com/interpret/-/interpret-1.0.2.tgz#f4f623f0bb7122f15f5717c8e254b8161b5c5b2d"
  
  is-absolute@^0.2.3:
    version "0.2.6"
    resolved "https://registry.yarnpkg.com/is-absolute/-/is-absolute-0.2.6.tgz#20de69f3db942ef2d87b9c2da36f172235b1b5eb"
    dependencies:
      is-relative "^0.2.1"
      is-windows "^0.2.0"
  
  is-buffer@^1.0.2:
    version "1.1.5"
    resolved "https://registry.yarnpkg.com/is-buffer/-/is-buffer-1.1.5.tgz#1f3b26ef613b214b88cbca23cc6c01d87961eecc"
  
  is-dotfile@^1.0.0:
    version "1.0.2"
    resolved "https://registry.yarnpkg.com/is-dotfile/-/is-dotfile-1.0.2.tgz#2c132383f39199f8edc268ca01b9b007d205cc4d"
  
  is-equal-shallow@^0.1.3:
    version "0.1.3"
    resolved "https://registry.yarnpkg.com/is-equal-shallow/-/is-equal-shallow-0.1.3.tgz#2238098fc221de0bcfa5d9eac4c45d638aa1c534"
    dependencies:
      is-primitive "^2.0.0"
  
  is-extendable@^0.1.1:
    version "0.1.1"
    resolved "https://registry.yarnpkg.com/is-extendable/-/is-extendable-0.1.1.tgz#62b110e289a471418e3ec36a617d472e301dfc89"
  
  is-extglob@^1.0.0:
    version "1.0.0"
    resolved "https://registry.yarnpkg.com/is-extglob/-/is-extglob-1.0.0.tgz#ac468177c4943405a092fc8f29760c6ffc6206c0"
  
  is-glob@^2.0.0, is-glob@^2.0.1:
    version "2.0.1"
    resolved "https://registry.yarnpkg.com/is-glob/-/is-glob-2.0.1.tgz#d096f926a3ded5600f3fdfd91198cb0888c2d863"
    dependencies:
      is-extglob "^1.0.0"
  
  is-number@^2.0.2, is-number@^2.1.0:
    version "2.1.0"
    resolved "https://registry.yarnpkg.com/is-number/-/is-number-2.1.0.tgz#01fcbbb393463a548f2f466cce16dece49db908f"
    dependencies:
      kind-of "^3.0.2"
  
  is-posix-bracket@^0.1.0:
    version "0.1.1"
    resolved "https://registry.yarnpkg.com/is-posix-bracket/-/is-posix-bracket-0.1.1.tgz#3334dc79774368e92f016e6fbc0a88f5cd6e6bc4"
  
  is-primitive@^2.0.0:
    version "2.0.0"
    resolved "https://registry.yarnpkg.com/is-primitive/-/is-primitive-2.0.0.tgz#207bab91638499c07b2adf240a41a87210034575"
  
  is-relative@^0.2.1:
    version "0.2.1"
    resolved "https://registry.yarnpkg.com/is-relative/-/is-relative-0.2.1.tgz#d27f4c7d516d175fb610db84bbeef23c3bc97aa5"
    dependencies:
      is-unc-path "^0.1.1"
  
  is-unc-path@^0.1.1:
    version "0.1.2"
    resolved "https://registry.yarnpkg.com/is-unc-path/-/is-unc-path-0.1.2.tgz#6ab053a72573c10250ff416a3814c35178af39b9"
    dependencies:
      unc-path-regex "^0.1.0"
  
  is-utf8@^0.2.0:
    version "0.2.1"
    resolved "https://registry.yarnpkg.com/is-utf8/-/is-utf8-0.2.1.tgz#4b0da1442104d1b336340e80797e865cf39f7d72"
  
  is-windows@^0.2.0:
    version "0.2.0"
    resolved "https://registry.yarnpkg.com/is-windows/-/is-windows-0.2.0.tgz#de1aa6d63ea29dd248737b69f1ff8b8002d2108c"
  
  isarray@0.0.1:
    version "0.0.1"
    resolved "https://registry.yarnpkg.com/isarray/-/isarray-0.0.1.tgz#8a18acfca9a8f4177e09abfc6038939b05d1eedf"
  
  isarray@1.0.0, isarray@~1.0.0:
    version "1.0.0"
    resolved "https://registry.yarnpkg.com/isarray/-/isarray-1.0.0.tgz#bb935d48582cba168c06834957a54a3e07124f11"
  
  isexe@^2.0.0:
    version "2.0.0"
    resolved "https://registry.yarnpkg.com/isexe/-/isexe-2.0.0.tgz#e8fbf374dc556ff8947a10dcb0572d633f2cfa10"
  
  isobject@^2.0.0:
    version "2.1.0"
    resolved "https://registry.yarnpkg.com/isobject/-/isobject-2.1.0.tgz#f065561096a3f1da2ef46272f815c840d87e0c89"
    dependencies:
      isarray "1.0.0"
  
  json-stable-stringify@^1.0.0:
    version "1.0.1"
    resolved "https://registry.yarnpkg.com/json-stable-stringify/-/json-stable-stringify-1.0.1.tgz#9a759d39c5f2ff503fd5300646ed445f88c4f9af"
    dependencies:
      jsonify "~0.0.0"
  
  json3@3.3.2:
    version "3.3.2"
    resolved "https://registry.yarnpkg.com/json3/-/json3-3.3.2.tgz#3c0434743df93e2f5c42aee7b19bcb483575f4e1"
  
  jsonify@~0.0.0:
    version "0.0.0"
    resolved "https://registry.yarnpkg.com/jsonify/-/jsonify-0.0.0.tgz#2c74b6ee41d93ca51b7b5aaee8f503631d252a73"
  
  kind-of@^3.0.2:
    version "3.1.0"
    resolved "https://registry.yarnpkg.com/kind-of/-/kind-of-3.1.0.tgz#475d698a5e49ff5e53d14e3e732429dc8bf4cf47"
    dependencies:
      is-buffer "^1.0.2"
  
  liftoff@^2.1.0:
    version "2.3.0"
    resolved "https://registry.yarnpkg.com/liftoff/-/liftoff-2.3.0.tgz#a98f2ff67183d8ba7cfaca10548bd7ff0550b385"
    dependencies:
      extend "^3.0.0"
      findup-sync "^0.4.2"
      fined "^1.0.1"
      flagged-respawn "^0.3.2"
      lodash.isplainobject "^4.0.4"
      lodash.isstring "^4.0.1"
      lodash.mapvalues "^4.4.0"
      rechoir "^0.6.2"
      resolve "^1.1.7"
  
  lodash._baseassign@^3.0.0:
    version "3.2.0"
    resolved "https://registry.yarnpkg.com/lodash._baseassign/-/lodash._baseassign-3.2.0.tgz#8c38a099500f215ad09e59f1722fd0c52bfe0a4e"
    dependencies:
      lodash._basecopy "^3.0.0"
      lodash.keys "^3.0.0"
  
  lodash._basecopy@^3.0.0:
    version "3.0.1"
    resolved "https://registry.yarnpkg.com/lodash._basecopy/-/lodash._basecopy-3.0.1.tgz#8da0e6a876cf344c0ad8a54882111dd3c5c7ca36"
  
  lodash._basecreate@^3.0.0:
    version "3.0.3"
    resolved "https://registry.yarnpkg.com/lodash._basecreate/-/lodash._basecreate-3.0.3.tgz#1bc661614daa7fc311b7d03bf16806a0213cf821"
  
  lodash._basetostring@^3.0.0:
    version "3.0.1"
    resolved "https://registry.yarnpkg.com/lodash._basetostring/-/lodash._basetostring-3.0.1.tgz#d1861d877f824a52f669832dcaf3ee15566a07d5"
  
  lodash._basevalues@^3.0.0:
    version "3.0.0"
    resolved "https://registry.yarnpkg.com/lodash._basevalues/-/lodash._basevalues-3.0.0.tgz#5b775762802bde3d3297503e26300820fdf661b7"
  
  lodash._getnative@^3.0.0:
    version "3.9.1"
    resolved "https://registry.yarnpkg.com/lodash._getnative/-/lodash._getnative-3.9.1.tgz#570bc7dede46d61cdcde687d65d3eecbaa3aaff5"
  
  lodash._isiterateecall@^3.0.0:
    version "3.0.9"
    resolved "https://registry.yarnpkg.com/lodash._isiterateecall/-/lodash._isiterateecall-3.0.9.tgz#5203ad7ba425fae842460e696db9cf3e6aac057c"
  
  lodash._reescape@^3.0.0:
    version "3.0.0"
    resolved "https://registry.yarnpkg.com/lodash._reescape/-/lodash._reescape-3.0.0.tgz#2b1d6f5dfe07c8a355753e5f27fac7f1cde1616a"
  
  lodash._reevaluate@^3.0.0:
    version "3.0.0"
    resolved "https://registry.yarnpkg.com/lodash._reevaluate/-/lodash._reevaluate-3.0.0.tgz#58bc74c40664953ae0b124d806996daca431e2ed"
  
  lodash._reinterpolate@^3.0.0:
    version "3.0.0"
    resolved "https://registry.yarnpkg.com/lodash._reinterpolate/-/lodash._reinterpolate-3.0.0.tgz#0ccf2d89166af03b3663c796538b75ac6e114d9d"
  
  lodash._root@^3.0.0:
    version "3.0.1"
    resolved "https://registry.yarnpkg.com/lodash._root/-/lodash._root-3.0.1.tgz#fba1c4524c19ee9a5f8136b4609f017cf4ded692"
  
  lodash.assignwith@^4.0.7:
    version "4.2.0"
    resolved "https://registry.yarnpkg.com/lodash.assignwith/-/lodash.assignwith-4.2.0.tgz#127a97f02adc41751a954d24b0de17e100e038eb"
  
  lodash.clonedeep@^4.3.2:
    version "4.5.0"
    resolved "https://registry.yarnpkg.com/lodash.clonedeep/-/lodash.clonedeep-4.5.0.tgz#e23f3f9c4f8fbdde872529c1071857a086e5ccef"
  
  lodash.create@3.1.1:
    version "3.1.1"
    resolved "https://registry.yarnpkg.com/lodash.create/-/lodash.create-3.1.1.tgz#d7f2849f0dbda7e04682bb8cd72ab022461debe7"
    dependencies:
      lodash._baseassign "^3.0.0"
      lodash._basecreate "^3.0.0"
      lodash._isiterateecall "^3.0.0"
  
  lodash.escape@^3.0.0:
    version "3.2.0"
    resolved "https://registry.yarnpkg.com/lodash.escape/-/lodash.escape-3.2.0.tgz#995ee0dc18c1b48cc92effae71a10aab5b487698"
    dependencies:
      lodash._root "^3.0.0"
  
  lodash.isarguments@^3.0.0:
    version "3.1.0"
    resolved "https://registry.yarnpkg.com/lodash.isarguments/-/lodash.isarguments-3.1.0.tgz#2f573d85c6a24289ff00663b491c1d338ff3458a"
  
  lodash.isarray@^3.0.0:
    version "3.0.4"
    resolved "https://registry.yarnpkg.com/lodash.isarray/-/lodash.isarray-3.0.4.tgz#79e4eb88c36a8122af86f844aa9bcd851b5fbb55"
  
  lodash.isempty@^4.2.1:
    version "4.4.0"
    resolved "https://registry.yarnpkg.com/lodash.isempty/-/lodash.isempty-4.4.0.tgz#6f86cbedd8be4ec987be9aaf33c9684db1b31e7e"
  
  lodash.isplainobject@^4.0.4:
    version "4.0.6"
    resolved "https://registry.yarnpkg.com/lodash.isplainobject/-/lodash.isplainobject-4.0.6.tgz#7c526a52d89b45c45cc690b88163be0497f550cb"
  
  lodash.isstring@^4.0.1:
    version "4.0.1"
    resolved "https://registry.yarnpkg.com/lodash.isstring/-/lodash.isstring-4.0.1.tgz#d527dfb5456eca7cc9bb95d5daeaf88ba54a5451"
  
  lodash.keys@^3.0.0:
    version "3.1.2"
    resolved "https://registry.yarnpkg.com/lodash.keys/-/lodash.keys-3.1.2.tgz#4dbc0472b156be50a0b286855d1bd0b0c656098a"
    dependencies:
      lodash._getnative "^3.0.0"
      lodash.isarguments "^3.0.0"
      lodash.isarray "^3.0.0"
  
  lodash.mapvalues@^4.4.0:
    version "4.6.0"
    resolved "https://registry.yarnpkg.com/lodash.mapvalues/-/lodash.mapvalues-4.6.0.tgz#1bafa5005de9dd6f4f26668c30ca37230cc9689c"
  
  lodash.pick@^4.2.1:
    version "4.4.0"
    resolved "https://registry.yarnpkg.com/lodash.pick/-/lodash.pick-4.4.0.tgz#52f05610fff9ded422611441ed1fc123a03001b3"
  
  lodash.restparam@^3.0.0:
    version "3.6.1"
    resolved "https://registry.yarnpkg.com/lodash.restparam/-/lodash.restparam-3.6.1.tgz#936a4e309ef330a7645ed4145986c85ae5b20805"
  
  lodash.template@^3.0.0:
    version "3.6.2"
    resolved "https://registry.yarnpkg.com/lodash.template/-/lodash.template-3.6.2.tgz#f8cdecc6169a255be9098ae8b0c53d378931d14f"
    dependencies:
      lodash._basecopy "^3.0.0"
      lodash._basetostring "^3.0.0"
      lodash._basevalues "^3.0.0"
      lodash._isiterateecall "^3.0.0"
      lodash._reinterpolate "^3.0.0"
      lodash.escape "^3.0.0"
      lodash.keys "^3.0.0"
      lodash.restparam "^3.0.0"
      lodash.templatesettings "^3.0.0"
  
  lodash.templatesettings@^3.0.0:
    version "3.1.1"
    resolved "https://registry.yarnpkg.com/lodash.templatesettings/-/lodash.templatesettings-3.1.1.tgz#fb307844753b66b9f1afa54e262c745307dba8e5"
    dependencies:
      lodash._reinterpolate "^3.0.0"
      lodash.escape "^3.0.0"
  
  lodash@^3.0.1, lodash@^3.2.0, lodash@~3.10.1:
    version "3.10.1"
    resolved "https://registry.yarnpkg.com/lodash/-/lodash-3.10.1.tgz#5bf45e8e49ba4189e17d482789dfd15bd140b7b6"
  
  lodash@~1.0.1:
    version "1.0.2"
    resolved "https://registry.yarnpkg.com/lodash/-/lodash-1.0.2.tgz#8f57560c83b59fc270bd3d561b690043430e2551"
  
  lodash@~2.4.1:
    version "2.4.2"
    resolved "https://registry.yarnpkg.com/lodash/-/lodash-2.4.2.tgz#fadd834b9683073da179b3eae6d9c0d15053f73e"
  
  lru-cache@2:
    version "2.7.3"
    resolved "https://registry.yarnpkg.com/lru-cache/-/lru-cache-2.7.3.tgz#6d4524e8b955f95d4f5b58851ce21dd72fb4e952"
  
  map-cache@^0.2.0:
    version "0.2.2"
    resolved "https://registry.yarnpkg.com/map-cache/-/map-cache-0.2.2.tgz#c32abd0bd6525d9b051645bb4f26ac5dc98a0dbf"
  
  map-stream@~0.1.0:
    version "0.1.0"
    resolved "https://registry.yarnpkg.com/map-stream/-/map-stream-0.1.0.tgz#e56aa94c4c8055a16404a0674b78f215f7c8e194"
  
  merge-stream@^0.1.7:
    version "0.1.8"
    resolved "https://registry.yarnpkg.com/merge-stream/-/merge-stream-0.1.8.tgz#48a07b3b4a121d74a3edbfdcdb4b08adbf0240b1"
    dependencies:
      through2 "^0.6.1"
  
  micromatch@^2.3.7:
    version "2.3.11"
    resolved "https://registry.yarnpkg.com/micromatch/-/micromatch-2.3.11.tgz#86677c97d1720b363431d04d0d15293bd38c1565"
    dependencies:
      arr-diff "^2.0.0"
      array-unique "^0.2.1"
      braces "^1.8.2"
      expand-brackets "^0.1.4"
      extglob "^0.3.1"
      filename-regex "^2.0.0"
      is-extglob "^1.0.0"
      is-glob "^2.0.1"
      kind-of "^3.0.2"
      normalize-path "^2.0.1"
      object.omit "^2.0.0"
      parse-glob "^3.0.4"
      regex-cache "^0.4.2"
  
  mime@^1.2.11:
    version "1.3.4"
    resolved "https://registry.yarnpkg.com/mime/-/mime-1.3.4.tgz#115f9e3b6b3daf2959983cb38f149a2d40eb5d53"
  
  minimatch@0.3:
    version "0.3.0"
    resolved "https://registry.yarnpkg.com/minimatch/-/minimatch-0.3.0.tgz#275d8edaac4f1bb3326472089e7949c8394699dd"
    dependencies:
      lru-cache "2"
      sigmund "~1.0.0"
  
  minimatch@^2.0.1:
    version "2.0.10"
    resolved "https://registry.yarnpkg.com/minimatch/-/minimatch-2.0.10.tgz#8d087c39c6b38c001b97fca7ce6d0e1e80afbac7"
    dependencies:
      brace-expansion "^1.0.0"
  
  minimatch@^3.0.2:
    version "3.0.3"
    resolved "https://registry.yarnpkg.com/minimatch/-/minimatch-3.0.3.tgz#2a4e4090b96b2db06a9d7df01055a62a77c9b774"
    dependencies:
      brace-expansion "^1.0.0"
  
  minimatch@~0.2.11:
    version "0.2.14"
    resolved "https://registry.yarnpkg.com/minimatch/-/minimatch-0.2.14.tgz#c74e780574f63c6f9a090e90efbe6ef53a6a756a"
    dependencies:
      lru-cache "2"
      sigmund "~1.0.0"
  
  minimist@0.0.8:
    version "0.0.8"
    resolved "https://registry.yarnpkg.com/minimist/-/minimist-0.0.8.tgz#857fcabfc3397d2625b8228262e86aa7a011b05d"
  
  minimist@^1.1.0:
    version "1.2.0"
    resolved "https://registry.yarnpkg.com/minimist/-/minimist-1.2.0.tgz#a35008b20f41383eec1fb914f4cd5df79a264284"
  
  minimist@~0.0.1:
    version "0.0.10"
    resolved "https://registry.yarnpkg.com/minimist/-/minimist-0.0.10.tgz#de3f98543dbf96082be48ad1a0c7cda836301dcf"
  
  mkdirp@0.5.1, mkdirp@0.5.x, mkdirp@^0.5.0:
    version "0.5.1"
    resolved "https://registry.yarnpkg.com/mkdirp/-/mkdirp-0.5.1.tgz#30057438eac6cf7f8c4767f38648d6697d75c903"
    dependencies:
      minimist "0.0.8"
  
  mocha@*:
    version "3.2.0"
    resolved "https://registry.yarnpkg.com/mocha/-/mocha-3.2.0.tgz#7dc4f45e5088075171a68896814e6ae9eb7a85e3"
    dependencies:
      browser-stdout "1.3.0"
      commander "2.9.0"
      debug "2.2.0"
      diff "1.4.0"
      escape-string-regexp "1.0.5"
      glob "7.0.5"
      growl "1.9.2"
      json3 "3.3.2"
      lodash.create "3.1.1"
      mkdirp "0.5.1"
      supports-color "3.1.2"
  
  ms@0.7.1:
    version "0.7.1"
    resolved "https://registry.yarnpkg.com/ms/-/ms-0.7.1.tgz#9cd13c03adbff25b65effde7ce864ee952017098"
  
  multipipe@^0.1.2:
    version "0.1.2"
    resolved "https://registry.yarnpkg.com/multipipe/-/multipipe-0.1.2.tgz#2a8f2ddf70eed564dff2d57f1e1a137d9f05078b"
    dependencies:
      duplexer2 "0.0.2"
  
  natives@^1.1.0:
    version "1.1.0"
    resolved "https://registry.yarnpkg.com/natives/-/natives-1.1.0.tgz#e9ff841418a6b2ec7a495e939984f78f163e6e31"
  
  normalize-path@^2.0.1:
    version "2.1.1"
    resolved "https://registry.yarnpkg.com/normalize-path/-/normalize-path-2.1.1.tgz#1ab28b556e198363a8c1a6f7e6fa20137fe6aed9"
    dependencies:
      remove-trailing-separator "^1.0.1"
  
  object-assign@^2.0.0:
    version "2.1.1"
    resolved "https://registry.yarnpkg.com/object-assign/-/object-assign-2.1.1.tgz#43c36e5d569ff8e4816c4efa8be02d26967c18aa"
  
  object-assign@^3.0.0:
    version "3.0.0"
    resolved "https://registry.yarnpkg.com/object-assign/-/object-assign-3.0.0.tgz#9bedd5ca0897949bca47e7ff408062d549f587f2"
  
  object.omit@^2.0.0:
    version "2.0.1"
    resolved "https://registry.yarnpkg.com/object.omit/-/object.omit-2.0.1.tgz#1a9c744829f39dbb858c76ca3579ae2a54ebd1fa"
    dependencies:
      for-own "^0.1.4"
      is-extendable "^0.1.1"
  
  once@^1.3.0:
    version "1.4.0"
    resolved "https://registry.yarnpkg.com/once/-/once-1.4.0.tgz#583b1aa775961d4b113ac17d9c50baef9dd76bd1"
    dependencies:
      wrappy "1"
  
  once@~1.3.0:
    version "1.3.3"
    resolved "https://registry.yarnpkg.com/once/-/once-1.3.3.tgz#b2e261557ce4c314ec8304f3fa82663e4297ca20"
    dependencies:
      wrappy "1"
  
  opener@~1.4.0:
    version "1.4.3"
    resolved "https://registry.yarnpkg.com/opener/-/opener-1.4.3.tgz#5c6da2c5d7e5831e8ffa3964950f8d6674ac90b8"
  
  optimist@0.6.x, optimist@~0.6.0:
    version "0.6.1"
    resolved "https://registry.yarnpkg.com/optimist/-/optimist-0.6.1.tgz#da3ea74686fa21a19a111c326e90eb15a0196686"
    dependencies:
      minimist "~0.0.1"
      wordwrap "~0.0.2"
  
  orchestrator@^0.3.0:
    version "0.3.8"
    resolved "https://registry.yarnpkg.com/orchestrator/-/orchestrator-0.3.8.tgz#14e7e9e2764f7315fbac184e506c7aa6df94ad7e"
    dependencies:
      end-of-stream "~0.1.5"
      sequencify "~0.0.7"
      stream-consume "~0.1.0"
  
  ordered-read-streams@^0.1.0:
    version "0.1.0"
    resolved "https://registry.yarnpkg.com/ordered-read-streams/-/ordered-read-streams-0.1.0.tgz#fd565a9af8eb4473ba69b6ed8a34352cb552f126"
  
  os-homedir@^1.0.0, os-homedir@^1.0.1:
    version "1.0.2"
    resolved "https://registry.yarnpkg.com/os-homedir/-/os-homedir-1.0.2.tgz#ffbc4988336e0e833de0c168c7ef152121aa7fb3"
  
  os-tmpdir@^1.0.0:
    version "1.0.2"
    resolved "https://registry.yarnpkg.com/os-tmpdir/-/os-tmpdir-1.0.2.tgz#bbe67406c79aa85c5cfec766fe5734555dfa1274"
  
  parse-filepath@^1.0.1:
    version "1.0.1"
    resolved "https://registry.yarnpkg.com/parse-filepath/-/parse-filepath-1.0.1.tgz#159d6155d43904d16c10ef698911da1e91969b73"
    dependencies:
      is-absolute "^0.2.3"
      map-cache "^0.2.0"
      path-root "^0.1.1"
  
  parse-glob@^3.0.4:
    version "3.0.4"
    resolved "https://registry.yarnpkg.com/parse-glob/-/parse-glob-3.0.4.tgz#b2c376cfb11f35513badd173ef0bb6e3a388391c"
    dependencies:
      glob-base "^0.3.0"
      is-dotfile "^1.0.0"
      is-extglob "^1.0.0"
      is-glob "^2.0.0"
  
  parse-passwd@^1.0.0:
    version "1.0.0"
    resolved "https://registry.yarnpkg.com/parse-passwd/-/parse-passwd-1.0.0.tgz#6d5b934a456993b23d37f40a382d6f1666a8e5c6"
  
  path-is-absolute@^1.0.0:
    version "1.0.1"
    resolved "https://registry.yarnpkg.com/path-is-absolute/-/path-is-absolute-1.0.1.tgz#174b9268735534ffbc7ace6bf53a5a9e1b5c5f5f"
  
  path-parse@^1.0.5:
    version "1.0.5"
    resolved "https://registry.yarnpkg.com/path-parse/-/path-parse-1.0.5.tgz#3c1adf871ea9cd6c9431b6ea2bd74a0ff055c4c1"
  
  path-root-regex@^0.1.0:
    version "0.1.2"
    resolved "https://registry.yarnpkg.com/path-root-regex/-/path-root-regex-0.1.2.tgz#bfccdc8df5b12dc52c8b43ec38d18d72c04ba96d"
  
  path-root@^0.1.1:
    version "0.1.1"
    resolved "https://registry.yarnpkg.com/path-root/-/path-root-0.1.1.tgz#9a4a6814cac1c0cd73360a95f32083c8ea4745b7"
    dependencies:
      path-root-regex "^0.1.0"
  
  portfinder@0.4.x:
    version "0.4.0"
    resolved "https://registry.yarnpkg.com/portfinder/-/portfinder-0.4.0.tgz#a3ffadffafe4fb98e0601a85eda27c27ce84ca1e"
    dependencies:
      async "0.9.0"
      mkdirp "0.5.x"
  
  preserve@^0.2.0:
    version "0.2.0"
    resolved "https://registry.yarnpkg.com/preserve/-/preserve-0.2.0.tgz#815ed1f6ebc65926f865b310c0713bcb3315ce4b"
  
  pretty-hrtime@^1.0.0:
    version "1.0.3"
    resolved "https://registry.yarnpkg.com/pretty-hrtime/-/pretty-hrtime-1.0.3.tgz#b7e3ea42435a4c9b2759d99e0f201eb195802ee1"
  
  process-nextick-args@~1.0.6:
    version "1.0.7"
    resolved "https://registry.yarnpkg.com/process-nextick-args/-/process-nextick-args-1.0.7.tgz#150e20b756590ad3f91093f25a4f2ad8bff30ba3"
  
  qs@~2.3.3:
    version "2.3.3"
    resolved "https://registry.yarnpkg.com/qs/-/qs-2.3.3.tgz#e9e85adbe75da0bbe4c8e0476a086290f863b404"
  
  randomatic@^1.1.3:
    version "1.1.6"
    resolved "https://registry.yarnpkg.com/randomatic/-/randomatic-1.1.6.tgz#110dcabff397e9dcff7c0789ccc0a49adf1ec5bb"
    dependencies:
      is-number "^2.0.2"
      kind-of "^3.0.2"
  
  rcfinder@^0.1.6:
    version "0.1.9"
    resolved "https://registry.yarnpkg.com/rcfinder/-/rcfinder-0.1.9.tgz#f3e80f387ddf9ae80ae30a4100329642eae81115"
    dependencies:
      lodash.clonedeep "^4.3.2"
  
  rcloader@~0.1.4:
    version "0.1.4"
    resolved "https://registry.yarnpkg.com/rcloader/-/rcloader-0.1.4.tgz#d0c902f0444983a2ee5a6907937c6a79ca704509"
    dependencies:
      lodash "^3.0.1"
      rcfinder "^0.1.6"
  
  "rdjs@git://github.com/DiogenesPolanco/RD.js.git":
    version "0.0.1"
    resolved "git://github.com/DiogenesPolanco/RD.js.git#a9e9836639b49f0d8acc20c3397f7830ecf86c0b"
    dependencies:
      "@types/es6-promise" "0.0.32"
      http-server "^0.9.0"
  
  "readable-stream@>=1.0.33-1 <1.1.0-0":
    version "1.0.34"
    resolved "https://registry.yarnpkg.com/readable-stream/-/readable-stream-1.0.34.tgz#125820e34bc842d2f2aaafafe4c2916ee32c157c"
    dependencies:
      core-util-is "~1.0.0"
      inherits "~2.0.1"
      isarray "0.0.1"
      string_decoder "~0.10.x"
  
  readable-stream@^2.0.0, readable-stream@^2.1.5:
    version "2.2.6"
    resolved "https://registry.yarnpkg.com/readable-stream/-/readable-stream-2.2.6.tgz#8b43aed76e71483938d12a8d46c6cf1a00b1f816"
    dependencies:
      buffer-shims "^1.0.0"
      core-util-is "~1.0.0"
      inherits "~2.0.1"
      isarray "~1.0.0"
      process-nextick-args "~1.0.6"
      string_decoder "~0.10.x"
      util-deprecate "~1.0.1"
  
  readable-stream@~1.1.9:
    version "1.1.14"
    resolved "https://registry.yarnpkg.com/readable-stream/-/readable-stream-1.1.14.tgz#7cf4c54ef648e3813084c636dd2079e166c081d9"
    dependencies:
      core-util-is "~1.0.0"
      inherits "~2.0.1"
      isarray "0.0.1"
      string_decoder "~0.10.x"
  
  rechoir@^0.6.2:
    version "0.6.2"
    resolved "https://registry.yarnpkg.com/rechoir/-/rechoir-0.6.2.tgz#85204b54dba82d5742e28c96756ef43af50e3384"
    dependencies:
      resolve "^1.1.6"
  
  regex-cache@^0.4.2:
    version "0.4.3"
    resolved "https://registry.yarnpkg.com/regex-cache/-/regex-cache-0.4.3.tgz#9b1a6c35d4d0dfcef5711ae651e8e9d3d7114145"
    dependencies:
      is-equal-shallow "^0.1.3"
      is-primitive "^2.0.0"
  
  remove-trailing-separator@^1.0.1:
    version "1.0.1"
    resolved "https://registry.yarnpkg.com/remove-trailing-separator/-/remove-trailing-separator-1.0.1.tgz#615ebb96af559552d4bf4057c8436d486ab63cc4"
  
  repeat-element@^1.1.2:
    version "1.1.2"
    resolved "https://registry.yarnpkg.com/repeat-element/-/repeat-element-1.1.2.tgz#ef089a178d1483baae4d93eb98b4f9e4e11d990a"
  
  repeat-string@^1.5.2:
    version "1.6.1"
    resolved "https://registry.yarnpkg.com/repeat-string/-/repeat-string-1.6.1.tgz#8dcae470e1c88abc2d600fff4a776286da75e637"
  
  replace-ext@0.0.1:
    version "0.0.1"
    resolved "https://registry.yarnpkg.com/replace-ext/-/replace-ext-0.0.1.tgz#29bbd92078a739f0bcce2b4ee41e837953522924"
  
  requires-port@1.x.x:
    version "1.0.0"
    resolved "https://registry.yarnpkg.com/requires-port/-/requires-port-1.0.0.tgz#925d2601d39ac485e091cf0da5c6e694dc3dcaff"
  
  resolve-dir@^0.1.0:
    version "0.1.1"
    resolved "https://registry.yarnpkg.com/resolve-dir/-/resolve-dir-0.1.1.tgz#b219259a5602fac5c5c496ad894a6e8cc430261e"
    dependencies:
      expand-tilde "^1.2.2"
      global-modules "^0.2.3"
  
  resolve@^1.0.0, resolve@^1.1.6, resolve@^1.1.7:
    version "1.3.2"
    resolved "https://registry.yarnpkg.com/resolve/-/resolve-1.3.2.tgz#1f0442c9e0cbb8136e87b9305f932f46c7f28235"
    dependencies:
      path-parse "^1.0.5"
  
  rimraf@^2.2.6:
    version "2.6.1"
    resolved "https://registry.yarnpkg.com/rimraf/-/rimraf-2.6.1.tgz#c2338ec643df7a1b7fe5c54fa86f57428a55f33d"
    dependencies:
      glob "^7.0.5"
  
  rimraf@~2.2.6:
    version "2.2.8"
    resolved "https://registry.yarnpkg.com/rimraf/-/rimraf-2.2.8.tgz#e439be2aaee327321952730f99a8929e4fc50582"
  
  run-sequence@^1.1.1:
    version "1.2.2"
    resolved "https://registry.yarnpkg.com/run-sequence/-/run-sequence-1.2.2.tgz#5095a0bebe98733b0140bd08dd80ec030ddacdeb"
    dependencies:
      chalk "*"
      gulp-util "*"
  
  semver@^4.1.0:
    version "4.3.6"
    resolved "https://registry.yarnpkg.com/semver/-/semver-4.3.6.tgz#300bc6e0e86374f7ba61068b5b1ecd57fc6532da"
  
  sequencify@~0.0.7:
    version "0.0.7"
    resolved "https://registry.yarnpkg.com/sequencify/-/sequencify-0.0.7.tgz#90cff19d02e07027fd767f5ead3e7b95d1e7380c"
  
  sigmund@~1.0.0:
    version "1.0.1"
    resolved "https://registry.yarnpkg.com/sigmund/-/sigmund-1.0.1.tgz#3ff21f198cad2175f9f3b781853fd94d0d19b590"
  
  sparkles@^1.0.0:
    version "1.0.0"
    resolved "https://registry.yarnpkg.com/sparkles/-/sparkles-1.0.0.tgz#1acbbfb592436d10bbe8f785b7cc6f82815012c3"
  
  stream-consume@~0.1.0:
    version "0.1.0"
    resolved "https://registry.yarnpkg.com/stream-consume/-/stream-consume-0.1.0.tgz#a41ead1a6d6081ceb79f65b061901b6d8f3d1d0f"
  
  stream-shift@^1.0.0:
    version "1.0.0"
    resolved "https://registry.yarnpkg.com/stream-shift/-/stream-shift-1.0.0.tgz#d5c752825e5367e786f78e18e445ea223a155952"
  
  string_decoder@~0.10.x:
    version "0.10.31"
    resolved "https://registry.yarnpkg.com/string_decoder/-/string_decoder-0.10.31.tgz#62e203bc41766c6c28c9fc84301dab1c5310fa94"
  
  strip-ansi@^3.0.0:
    version "3.0.1"
    resolved "https://registry.yarnpkg.com/strip-ansi/-/strip-ansi-3.0.1.tgz#6a385fb8853d952d5ff05d0e8aaf94278dc63dcf"
    dependencies:
      ansi-regex "^2.0.0"
  
  strip-bom@^1.0.0:
    version "1.0.0"
    resolved "https://registry.yarnpkg.com/strip-bom/-/strip-bom-1.0.0.tgz#85b8862f3844b5a6d5ec8467a93598173a36f794"
    dependencies:
      first-chunk-stream "^1.0.0"
      is-utf8 "^0.2.0"
  
  supports-color@3.1.2:
    version "3.1.2"
    resolved "https://registry.yarnpkg.com/supports-color/-/supports-color-3.1.2.tgz#72a262894d9d408b956ca05ff37b2ed8a6e2a2d5"
    dependencies:
      has-flag "^1.0.0"
  
  supports-color@^2.0.0:
    version "2.0.0"
    resolved "https://registry.yarnpkg.com/supports-color/-/supports-color-2.0.0.tgz#535d045ce6b6363fa40117084629995e9df324c7"
  
  temp@^0.8.1:
    version "0.8.3"
    resolved "https://registry.yarnpkg.com/temp/-/temp-0.8.3.tgz#e0c6bc4d26b903124410e4fed81103014dfc1f59"
    dependencies:
      os-tmpdir "^1.0.0"
      rimraf "~2.2.6"
  
  through2-filter@^2.0.0:
    version "2.0.0"
    resolved "https://registry.yarnpkg.com/through2-filter/-/through2-filter-2.0.0.tgz#60bc55a0dacb76085db1f9dae99ab43f83d622ec"
    dependencies:
      through2 "~2.0.0"
      xtend "~4.0.0"
  
  through2@^0.6.1, through2@^0.6.3:
    version "0.6.5"
    resolved "https://registry.yarnpkg.com/through2/-/through2-0.6.5.tgz#41ab9c67b29d57209071410e1d7a7a968cd3ad48"
    dependencies:
      readable-stream ">=1.0.33-1 <1.1.0-0"
      xtend ">=4.0.0 <4.1.0-0"
  
  through2@^2.0.0, through2@~2.0.0:
    version "2.0.3"
    resolved "https://registry.yarnpkg.com/through2/-/through2-2.0.3.tgz#0004569b37c7c74ba39c43f3ced78d1ad94140be"
    dependencies:
      readable-stream "^2.1.5"
      xtend "~4.0.1"
  
  through@~2.3.7:
    version "2.3.8"
    resolved "https://registry.yarnpkg.com/through/-/through-2.3.8.tgz#0dd4c9ffaabc357960b1b724115d7e0e86a2e1f5"
  
  tildify@^1.0.0:
    version "1.2.0"
    resolved "https://registry.yarnpkg.com/tildify/-/tildify-1.2.0.tgz#dcec03f55dca9b7aa3e5b04f21817eb56e63588a"
    dependencies:
      os-homedir "^1.0.0"
  
  time-stamp@^1.0.0:
    version "1.0.1"
    resolved "https://registry.yarnpkg.com/time-stamp/-/time-stamp-1.0.1.tgz#9f4bd23559c9365966f3302dbba2b07c6b99b151"
  
  tslint@~2.1.1:
    version "2.1.1"
    resolved "https://registry.yarnpkg.com/tslint/-/tslint-2.1.1.tgz#2b116459090dc3d1999a9cc85af63f842bc8175f"
    dependencies:
      findup-sync "~0.1.2"
      optimist "~0.6.0"
      underscore.string "~2.3.3"
  
  typescript@^1.0.1:
    version "1.8.10"
    resolved "https://registry.yarnpkg.com/typescript/-/typescript-1.8.10.tgz#b475d6e0dff0bf50f296e5ca6ef9fbb5c7320f1e"
  
  unc-path-regex@^0.1.0:
    version "0.1.2"
    resolved "https://registry.yarnpkg.com/unc-path-regex/-/unc-path-regex-0.1.2.tgz#e73dd3d7b0d7c5ed86fbac6b0ae7d8c6a69d50fa"
  
  underscore.string@~2.3.3:
    version "2.3.3"
    resolved "https://registry.yarnpkg.com/underscore.string/-/underscore.string-2.3.3.tgz#71c08bf6b428b1133f37e78fa3a21c82f7329b0d"
  
  union@~0.4.3:
    version "0.4.6"
    resolved "https://registry.yarnpkg.com/union/-/union-0.4.6.tgz#198fbdaeba254e788b0efcb630bc11f24a2959e0"
    dependencies:
      qs "~2.3.3"
  
  unique-stream@^1.0.0:
    version "1.0.0"
    resolved "https://registry.yarnpkg.com/unique-stream/-/unique-stream-1.0.0.tgz#d59a4a75427447d9aa6c91e70263f8d26a4b104b"
  
  unique-stream@^2.0.2:
    version "2.2.1"
    resolved "https://registry.yarnpkg.com/unique-stream/-/unique-stream-2.2.1.tgz#5aa003cfbe94c5ff866c4e7d668bb1c4dbadb369"
    dependencies:
      json-stable-stringify "^1.0.0"
      through2-filter "^2.0.0"
  
  url-join@^1.0.0:
    version "1.1.0"
    resolved "https://registry.yarnpkg.com/url-join/-/url-join-1.1.0.tgz#741c6c2f4596c4830d6718460920d0c92202dc78"
  
  user-home@^1.1.1:
    version "1.1.1"
    resolved "https://registry.yarnpkg.com/user-home/-/user-home-1.1.1.tgz#2b5be23a32b63a7c9deb8d0f28d485724a3df190"
  
  util-deprecate@~1.0.1:
    version "1.0.2"
    resolved "https://registry.yarnpkg.com/util-deprecate/-/util-deprecate-1.0.2.tgz#450d4dc9fa70de732762fbd2d4a28981419a0ccf"
  
  v8flags@^2.0.2:
    version "2.0.11"
    resolved "https://registry.yarnpkg.com/v8flags/-/v8flags-2.0.11.tgz#bca8f30f0d6d60612cc2c00641e6962d42ae6881"
    dependencies:
      user-home "^1.1.1"
  
  vinyl-fs@^0.3.0:
    version "0.3.14"
    resolved "https://registry.yarnpkg.com/vinyl-fs/-/vinyl-fs-0.3.14.tgz#9a6851ce1cac1c1cea5fe86c0931d620c2cfa9e6"
    dependencies:
      defaults "^1.0.0"
      glob-stream "^3.1.5"
      glob-watcher "^0.0.6"
      graceful-fs "^3.0.0"
      mkdirp "^0.5.0"
      strip-bom "^1.0.0"
      through2 "^0.6.1"
      vinyl "^0.4.0"
  
  vinyl-fs@^1.0.0:
    version "1.0.0"
    resolved "https://registry.yarnpkg.com/vinyl-fs/-/vinyl-fs-1.0.0.tgz#d15752e68c2dad74364e7e853473735354692edf"
    dependencies:
      duplexify "^3.2.0"
      glob-stream "^4.0.1"
      glob-watcher "^0.0.8"
      graceful-fs "^3.0.0"
      merge-stream "^0.1.7"
      mkdirp "^0.5.0"
      object-assign "^2.0.0"
      strip-bom "^1.0.0"
      through2 "^0.6.1"
      vinyl "^0.4.0"
  
  vinyl@^0.4.0:
    version "0.4.6"
    resolved "https://registry.yarnpkg.com/vinyl/-/vinyl-0.4.6.tgz#2f356c87a550a255461f36bbeb2a5ba8bf784847"
    dependencies:
      clone "^0.2.0"
      clone-stats "^0.0.1"
  
  vinyl@^0.5.0:
    version "0.5.3"
    resolved "https://registry.yarnpkg.com/vinyl/-/vinyl-0.5.3.tgz#b0455b38fc5e0cf30d4325132e461970c2091cde"
    dependencies:
      clone "^1.0.0"
      clone-stats "^0.0.1"
      replace-ext "0.0.1"
  
  which@^1.0.5, which@^1.2.12:
    version "1.2.14"
    resolved "https://registry.yarnpkg.com/which/-/which-1.2.14.tgz#9a87c4378f03e827cecaf1acdf56c736c01c14e5"
    dependencies:
      isexe "^2.0.0"
  
  wordwrap@~0.0.2:
    version "0.0.3"
    resolved "https://registry.yarnpkg.com/wordwrap/-/wordwrap-0.0.3.tgz#a3d5da6cd5c0bc0008d37234bbaf1bed63059107"
  
  wrappy@1:
    version "1.0.2"
    resolved "https://registry.yarnpkg.com/wrappy/-/wrappy-1.0.2.tgz#b5243d8f3ec1aa35f1364605bc0d1036e30ab69f"
  
  "xtend@>=4.0.0 <4.1.0-0", xtend@~4.0.0, xtend@~4.0.1:
    version "4.0.1"
    resolved "https://registry.yarnpkg.com/xtend/-/xtend-4.0.1.tgz#a5c6d532be656e23db820efb943a1f04998d63af"

Trace: 
  Error: https://registry.yarnpkg.com/rdjs: "You cannot publish over the previously published version 0.0.2."
      at Request.params.callback [as _callback] (/usr/lib/node_modules/yarn/lib/util/request-manager.js:313:18)
      at Request.self.callback (/usr/lib/node_modules/yarn/node_modules/request/request.js:188:22)
      at emitTwo (events.js:106:13)
      at Request.emit (events.js:191:7)
      at Request.<anonymous> (/usr/lib/node_modules/yarn/node_modules/request/request.js:1171:10)
      at emitOne (events.js:96:13)
      at Request.emit (events.js:188:7)
      at Gunzip.<anonymous> (/usr/lib/node_modules/yarn/node_modules/request/request.js:1091:12)
      at Gunzip.g (events.js:291:16)
      at emitNone (events.js:91:20)
